2025-11-09 09:50:29,457 - INFO - Logging In with User ID: 1
2025-11-09 09:50:29,493 - INFO - Executing SQL statement with values -> [1]
2025-11-09 09:50:29,493 - INFO - 
    SELECT *
    FROM Vouchers
    JOIN MetaData ON Vouchers.meta_data_id = MetaData.meta_data_id
    WHERE MetaData.user_id = ? AND MetaData.row_deleted = 0;
2025-11-09 09:50:32,446 - INFO - Loading page 1: Input Transactions
2025-11-09 09:50:34,527 - INFO - Loading page 1: Input Transactions
2025-11-09 09:50:35,420 - INFO - Loading page 1: Input Transactions
2025-11-09 09:50:36,133 - INFO - Loading page 1: Input Transactions
2025-11-09 09:50:39,894 - INFO - Loading page 1: Input Transactions
2025-11-09 09:50:43,364 - INFO - Loading page 2: Edit Vendors
2025-11-09 09:50:44,808 - INFO - Executing SQL statement with values -> ()
2025-11-09 09:50:44,808 - INFO - SELECT * FROM Budgets
2025-11-09 09:50:52,651 - INFO - Loading page 1: Input Transactions
2025-11-09 09:50:55,995 - INFO - Executing SQL statement with values -> ()
2025-11-09 09:50:55,995 - INFO - SELECT * FROM Budgets
2025-11-09 09:50:58,977 - INFO - Loading page 1: Input Transactions
2025-11-09 09:51:02,178 - INFO - Loading page 1: Input Transactions
2025-11-09 09:51:04,657 - INFO - Loading page 1: Input Transactions
2025-11-09 09:51:07,044 - INFO - Loading page 1: Input Transactions
2025-11-09 09:51:14,877 - INFO - Loading page 1: Input Transactions
2025-11-09 09:51:19,100 - INFO - Loading page 1: Input Transactions
2025-11-09 09:51:20,732 - INFO - Loading page 1: Input Transactions
2025-11-09 09:51:20,821 - INFO - Executing SQL statement with values -> ()
2025-11-09 09:51:20,822 - INFO - UPDATE Users SET tokens=1.9000000000000013e+20 WHERE user_id=1
2025-11-09 09:51:20,829 - INFO - Saving transaction, with item df ->
2025-11-09 09:51:20,830 - INFO - Empty DataFrame
Columns: [temp_item_id, parent_product_id, spending_item_id, new_item_name, override_price, num_purchased]
Index: []
2025-11-09 09:51:20,830 - INFO - Executing SQL statement with values -> ('2025-11-09T09:51:20.830584', '2025-11-09T09:51:20.830584', 1)
2025-11-09 09:51:20,830 - INFO - 
            INSERT INTO MetaData
            (created_timestamp, edited_timestamp, row_deleted, user_id)
            VALUES
            (?, ?, 0, ?);
            
2025-11-09 09:51:20,835 - INFO - Executing SQL statement with values -> ('monday', 57)
2025-11-09 09:51:20,835 - INFO - 
            INSERT INTO Vendors (name, meta_data_id)
            VALUES (?, ?);
            
2025-11-09 09:51:20,842 - INFO - Executing SQL statement with values -> ('2025-11-09T09:51:20.842113', '2025-11-09T09:51:20.842113', 1)
2025-11-09 09:51:20,842 - INFO - 
            INSERT INTO MetaData
            (created_timestamp, edited_timestamp, row_deleted, user_id)
            VALUES
            (?, ?, 0, ?);
            
2025-11-09 09:51:20,846 - INFO - Executing SQL statement with values -> ('Mon 03 Nov 2025', None, 6969.0, False, 1, 3, None, 4, None, 58)
2025-11-09 09:51:20,846 - INFO - 
            INSERT INTO Transactions (date,time,override_money,is_income,money_store_id,vendor_id,shop_location_id,category_id,description, meta_data_id)
            VALUES (?, ?, ?, ?, ?, ?, ?, ?, ?, ?);
            
2025-11-09 09:51:22,053 - INFO - Executing SQL statement with values -> ()
2025-11-09 09:51:22,055 - INFO - UPDATE Users SET tokens=1.9000000000000026e+20 WHERE user_id=1
2025-11-09 09:51:29,578 - INFO - Executing SQL statement with values -> ('2025-11-09T09:51:29.578128', '2025-11-09T09:51:29.578128', 1)
2025-11-09 09:51:29,578 - INFO - 
            INSERT INTO MetaData
            (created_timestamp, edited_timestamp, row_deleted, user_id)
            VALUES
            (?, ?, 0, ?);
            
2025-11-09 09:51:29,586 - INFO - Executing SQL statement with values -> ('monday', 5, datetime.date(2025, 11, 16), 59)
2025-11-09 09:51:29,586 - INFO - 
            INSERT INTO Vouchers (vendor_name,percent_off,expire_date, meta_data_id)
            VALUES (?, ?, ?, ?);
            
2025-11-09 09:51:31,046 - INFO - Executing SQL statement with values -> ()
2025-11-09 09:51:31,047 - INFO - UPDATE Users SET tokens=1.900000000000004e+20 WHERE user_id=1
2025-11-09 09:51:31,086 - INFO - Loading page 1: Input Transactions
2025-11-09 09:51:37,250 - INFO - Loading page 1: Input Transactions
2025-11-09 09:51:40,084 - INFO - Loading page 1: Input Transactions
2025-11-09 09:51:41,206 - INFO - Loading page 1: Input Transactions
2025-11-09 09:51:43,523 - INFO - Loading page 1: Input Transactions
2025-11-09 09:51:46,064 - INFO - Loading page 1: Input Transactions
2025-11-09 09:51:46,155 - INFO - Executing SQL statement with values -> ()
2025-11-09 09:51:46,155 - INFO - UPDATE Users SET tokens=1.9000000000000043e+20 WHERE user_id=1
2025-11-09 09:51:46,160 - INFO - Saving transaction, with item df ->
2025-11-09 09:51:46,161 - INFO - Empty DataFrame
Columns: [temp_item_id, parent_product_id, spending_item_id, new_item_name, override_price, num_purchased]
Index: []
2025-11-09 09:51:46,162 - INFO - Executing SQL statement with values -> ('2025-11-09T09:51:46.161960', '2025-11-09T09:51:46.161960', 1)
2025-11-09 09:51:46,162 - INFO - 
            INSERT INTO MetaData
            (created_timestamp, edited_timestamp, row_deleted, user_id)
            VALUES
            (?, ?, 0, ?);
            
2025-11-09 09:51:46,166 - INFO - Executing SQL statement with values -> ('sunday', 60)
2025-11-09 09:51:46,166 - INFO - 
            INSERT INTO Vendors (name, meta_data_id)
            VALUES (?, ?);
            
2025-11-09 09:51:46,172 - INFO - Executing SQL statement with values -> ('2025-11-09T09:51:46.172738', '2025-11-09T09:51:46.172738', 1)
2025-11-09 09:51:46,172 - INFO - 
            INSERT INTO MetaData
            (created_timestamp, edited_timestamp, row_deleted, user_id)
            VALUES
            (?, ?, 0, ?);
            
2025-11-09 09:51:46,177 - INFO - Executing SQL statement with values -> ('Sun 02 Nov 2025', None, 420.0, False, 1, 4, None, 3, None, 61)
2025-11-09 09:51:46,177 - INFO - 
            INSERT INTO Transactions (date,time,override_money,is_income,money_store_id,vendor_id,shop_location_id,category_id,description, meta_data_id)
            VALUES (?, ?, ?, ?, ?, ?, ?, ?, ?, ?);
            
2025-11-09 09:51:47,280 - INFO - Executing SQL statement with values -> ()
2025-11-09 09:51:47,280 - INFO - UPDATE Users SET tokens=1.9000000000000046e+20 WHERE user_id=1
2025-11-09 09:51:56,888 - INFO - Executing SQL statement with values -> ()
2025-11-09 09:51:56,888 - INFO - UPDATE Users SET tokens=1.900000000000005e+20 WHERE user_id=1
2025-11-09 09:51:56,941 - INFO - Loading page 1: Input Transactions
2025-11-09 09:51:59,368 - INFO - Executing SQL statement with values -> ()
2025-11-09 09:51:59,368 - INFO - SELECT * FROM Budgets
2025-11-09 09:52:36,734 - INFO - Executing SQL statement with values -> ()
2025-11-09 09:52:36,734 - INFO - SELECT * FROM Budgets
2025-11-09 09:53:07,772 - INFO - Executing SQL statement with values -> ()
2025-11-09 09:53:07,772 - INFO - SELECT * FROM Budgets
2025-11-09 09:56:47,200 - INFO - Executing SQL statement with values -> ()
2025-11-09 09:56:47,200 - INFO - SELECT * FROM Budgets
2025-11-09 09:56:49,900 - INFO - Executing SQL statement with values -> ()
2025-11-09 09:56:49,900 - INFO - SELECT * FROM Budgets
2025-11-09 09:57:01,151 - INFO - Executing SQL statement with values -> ()
2025-11-09 09:57:01,151 - INFO - SELECT * FROM Budgets
2025-11-09 09:57:10,479 - INFO - Executing SQL statement with values -> ()
2025-11-09 09:57:10,479 - INFO - SELECT * FROM Budgets
2025-11-09 09:57:12,841 - INFO - Executing SQL statement with values -> ()
2025-11-09 09:57:12,842 - INFO - SELECT * FROM Budgets
2025-11-09 09:57:21,777 - INFO - Executing SQL statement with values -> ()
2025-11-09 09:57:21,777 - INFO - SELECT * FROM Budgets
2025-11-09 10:03:42,274 - INFO - Executing SQL statement with values -> ()
2025-11-09 10:03:42,274 - INFO - SELECT * FROM Budgets
2025-11-09 10:04:23,496 - INFO - Executing SQL statement with values -> ()
2025-11-09 10:04:23,496 - INFO - SELECT * FROM Budgets
