2025-11-09 06:55:07,107 - INFO - Logging In with User ID: 1
2025-11-09 06:55:07,154 - INFO - Executing SQL statement with values -> [1]
2025-11-09 06:55:07,154 - INFO - 
    SELECT *
    FROM Vouchers
    JOIN MetaData ON Vouchers.meta_data_id = MetaData.meta_data_id
    WHERE MetaData.user_id = ? AND MetaData.row_deleted = 0;
2025-11-09 06:55:44,011 - INFO - Loading page 4: Money Stores
2025-11-09 06:55:44,116 - INFO - Loading page 4: Money Stores
2025-11-09 06:55:44,981 - INFO - Loading page 2: Edit Vendors
2025-11-09 06:57:59,343 - INFO - Executing SQL statement with values -> [1]
2025-11-09 06:57:59,343 - INFO - 
    SELECT *
    FROM Vouchers
    JOIN MetaData ON Vouchers.meta_data_id = MetaData.meta_data_id
    WHERE MetaData.user_id = ? AND MetaData.row_deleted = 0;
2025-11-09 07:01:25,436 - INFO - Executing SQL statement with values -> [1]
2025-11-09 07:01:25,437 - INFO - 
    SELECT *
    FROM Vouchers
    JOIN MetaData ON Vouchers.meta_data_id = MetaData.meta_data_id
    WHERE MetaData.user_id = ? AND MetaData.row_deleted = 0;
2025-11-09 07:01:27,094 - INFO - Executing SQL statement with values -> [1]
2025-11-09 07:01:27,094 - INFO - 
    SELECT *
    FROM Vouchers
    JOIN MetaData ON Vouchers.meta_data_id = MetaData.meta_data_id
    WHERE MetaData.user_id = ? AND MetaData.row_deleted = 0;
2025-11-09 07:01:29,504 - INFO - Loading page 2: Edit Vendors
2025-11-09 07:01:30,217 - INFO - Loading page 2: Edit Vendors
2025-11-09 07:02:08,340 - INFO - Executing SQL statement with values -> [1]
2025-11-09 07:02:08,341 - INFO - 
    SELECT *
    FROM Vouchers
    JOIN MetaData ON Vouchers.meta_data_id = MetaData.meta_data_id
    WHERE MetaData.user_id = ? AND MetaData.row_deleted = 0;
2025-11-09 07:02:14,288 - INFO - Loading page 3: Database View
2025-11-09 07:02:15,933 - INFO - Loading page 1: Input Transactions
2025-11-09 07:02:17,565 - INFO - Loading page 1: Input Transactions
2025-11-09 07:02:17,654 - INFO - Executing SQL statement with values -> ()
2025-11-09 07:02:17,655 - INFO - UPDATE Users SET tokens=1120 WHERE user_id=1
2025-11-09 07:02:17,656 - INFO - Saving transaction, with item df ->
2025-11-09 07:02:17,657 - INFO - Empty DataFrame
Columns: [temp_item_id, parent_product_id, spending_item_id, new_item_name, override_price, num_purchased]
Index: []
2025-11-09 07:02:17,657 - INFO - Executing SQL statement with values -> ('2025-11-09T07:02:17.657643', '2025-11-09T07:02:17.657643', 1)
2025-11-09 07:02:17,657 - INFO - 
            INSERT INTO MetaData
            (created_timestamp, edited_timestamp, row_deleted, user_id)
            VALUES
            (?, ?, 0, ?);
            
2025-11-09 07:02:17,663 - INFO - Executing SQL statement with values -> ('Sun 09 Nov 2025', None, 0, False, None, None, None, None, None, 21)
2025-11-09 07:02:17,663 - INFO - 
            INSERT INTO Transactions (date,time,override_money,is_income,money_store_id,vendor_id,shop_location_id,category_id,description, meta_data_id)
            VALUES (?, ?, ?, ?, ?, ?, ?, ?, ?, ?);
            
2025-11-09 07:02:18,865 - INFO - Executing SQL statement with values -> ()
2025-11-09 07:02:18,867 - INFO - UPDATE Users SET tokens=1120 WHERE user_id=1
2025-11-09 07:02:26,684 - INFO - Loading page 1: Input Transactions
2025-11-09 07:02:26,789 - INFO - Executing SQL statement with values -> ()
2025-11-09 07:02:26,789 - INFO - UPDATE Users SET tokens=1120 WHERE user_id=1
2025-11-09 07:02:26,791 - INFO - Saving transaction, with item df ->
2025-11-09 07:02:26,791 - INFO - Empty DataFrame
Columns: [temp_item_id, parent_product_id, spending_item_id, new_item_name, override_price, num_purchased]
Index: []
2025-11-09 07:02:26,791 - INFO - Executing SQL statement with values -> ('2025-11-09T07:02:26.791885', '2025-11-09T07:02:26.791885', 1)
2025-11-09 07:02:26,792 - INFO - 
            INSERT INTO MetaData
            (created_timestamp, edited_timestamp, row_deleted, user_id)
            VALUES
            (?, ?, 0, ?);
            
2025-11-09 07:02:26,814 - INFO - Executing SQL statement with values -> ('Sun 09 Nov 2025', None, 0, False, None, None, None, None, None, 22)
2025-11-09 07:02:26,814 - INFO - 
            INSERT INTO Transactions (date,time,override_money,is_income,money_store_id,vendor_id,shop_location_id,category_id,description, meta_data_id)
            VALUES (?, ?, ?, ?, ?, ?, ?, ?, ?, ?);
            
2025-11-09 07:02:28,140 - INFO - Executing SQL statement with values -> ()
2025-11-09 07:02:28,140 - INFO - UPDATE Users SET tokens=1120 WHERE user_id=1
2025-11-09 07:02:32,528 - INFO - Loading page 1: Input Transactions
2025-11-09 07:02:32,616 - INFO - Executing SQL statement with values -> ()
2025-11-09 07:02:32,616 - INFO - UPDATE Users SET tokens=1120 WHERE user_id=1
2025-11-09 07:02:32,618 - INFO - Saving transaction, with item df ->
2025-11-09 07:02:32,618 - INFO - Empty DataFrame
Columns: [temp_item_id, parent_product_id, spending_item_id, new_item_name, override_price, num_purchased]
Index: []
2025-11-09 07:02:32,619 - INFO - Executing SQL statement with values -> ('2025-11-09T07:02:32.619199', '2025-11-09T07:02:32.619199', 1)
2025-11-09 07:02:32,619 - INFO - 
            INSERT INTO MetaData
            (created_timestamp, edited_timestamp, row_deleted, user_id)
            VALUES
            (?, ?, 0, ?);
            
2025-11-09 07:02:32,624 - INFO - Executing SQL statement with values -> ('Sun 09 Nov 2025', None, 0, False, None, None, None, None, None, 23)
2025-11-09 07:02:32,625 - INFO - 
            INSERT INTO Transactions (date,time,override_money,is_income,money_store_id,vendor_id,shop_location_id,category_id,description, meta_data_id)
            VALUES (?, ?, ?, ?, ?, ?, ?, ?, ?, ?);
            
2025-11-09 07:02:33,668 - INFO - Executing SQL statement with values -> ()
2025-11-09 07:02:33,669 - INFO - UPDATE Users SET tokens=1120 WHERE user_id=1
2025-11-09 07:02:44,695 - INFO - Loading page 1: Input Transactions
2025-11-09 07:02:44,796 - INFO - Executing SQL statement with values -> ()
2025-11-09 07:02:44,796 - INFO - UPDATE Users SET tokens=1120 WHERE user_id=1
2025-11-09 07:02:44,797 - INFO - Saving transaction, with item df ->
2025-11-09 07:02:44,798 - INFO - Empty DataFrame
Columns: [temp_item_id, parent_product_id, spending_item_id, new_item_name, override_price, num_purchased]
Index: []
2025-11-09 07:02:44,798 - INFO - Executing SQL statement with values -> ('2025-11-09T07:02:44.798401', '2025-11-09T07:02:44.798401', 1)
2025-11-09 07:02:44,798 - INFO - 
            INSERT INTO MetaData
            (created_timestamp, edited_timestamp, row_deleted, user_id)
            VALUES
            (?, ?, 0, ?);
            
2025-11-09 07:02:44,805 - INFO - Executing SQL statement with values -> ('Sun 09 Nov 2025', None, 0, False, None, None, None, None, None, 24)
2025-11-09 07:02:44,805 - INFO - 
            INSERT INTO Transactions (date,time,override_money,is_income,money_store_id,vendor_id,shop_location_id,category_id,description, meta_data_id)
            VALUES (?, ?, ?, ?, ?, ?, ?, ?, ?, ?);
            
2025-11-09 07:02:45,859 - INFO - Executing SQL statement with values -> ()
2025-11-09 07:02:45,859 - INFO - UPDATE Users SET tokens=1120 WHERE user_id=1
2025-11-09 07:02:54,198 - INFO - Loading page 1: Input Transactions
2025-11-09 07:02:54,288 - INFO - Executing SQL statement with values -> ()
2025-11-09 07:02:54,288 - INFO - UPDATE Users SET tokens=1120 WHERE user_id=1
2025-11-09 07:02:54,289 - INFO - Saving transaction, with item df ->
2025-11-09 07:02:54,289 - INFO - Empty DataFrame
Columns: [temp_item_id, parent_product_id, spending_item_id, new_item_name, override_price, num_purchased]
Index: []
2025-11-09 07:02:54,289 - INFO - Executing SQL statement with values -> ('2025-11-09T07:02:54.289948', '2025-11-09T07:02:54.289948', 1)
2025-11-09 07:02:54,290 - INFO - 
            INSERT INTO MetaData
            (created_timestamp, edited_timestamp, row_deleted, user_id)
            VALUES
            (?, ?, 0, ?);
            
2025-11-09 07:02:54,295 - INFO - Executing SQL statement with values -> ('Sun 09 Nov 2025', None, 0, False, None, None, None, None, None, 25)
2025-11-09 07:02:54,295 - INFO - 
            INSERT INTO Transactions (date,time,override_money,is_income,money_store_id,vendor_id,shop_location_id,category_id,description, meta_data_id)
            VALUES (?, ?, ?, ?, ?, ?, ?, ?, ?, ?);
            
2025-11-09 07:02:55,286 - INFO - Executing SQL statement with values -> ()
2025-11-09 07:02:55,287 - INFO - UPDATE Users SET tokens=1120 WHERE user_id=1
2025-11-09 07:03:27,777 - INFO - Loading page 1: Input Transactions
2025-11-09 07:03:28,944 - INFO - Loading page 1: Input Transactions
2025-11-09 07:03:29,018 - INFO - Executing SQL statement with values -> ()
2025-11-09 07:03:29,019 - INFO - UPDATE Users SET tokens=1120 WHERE user_id=1
2025-11-09 07:03:29,020 - INFO - Saving transaction, with item df ->
2025-11-09 07:03:29,020 - INFO - Empty DataFrame
Columns: [temp_item_id, parent_product_id, spending_item_id, new_item_name, override_price, num_purchased]
Index: []
2025-11-09 07:03:29,020 - INFO - Executing SQL statement with values -> ('2025-11-09T07:03:29.020885', '2025-11-09T07:03:29.020885', 1)
2025-11-09 07:03:29,020 - INFO - 
            INSERT INTO MetaData
            (created_timestamp, edited_timestamp, row_deleted, user_id)
            VALUES
            (?, ?, 0, ?);
            
2025-11-09 07:03:29,025 - INFO - Executing SQL statement with values -> ('Sun 09 Nov 2025', None, 0, False, None, None, None, None, None, 26)
2025-11-09 07:03:29,026 - INFO - 
            INSERT INTO Transactions (date,time,override_money,is_income,money_store_id,vendor_id,shop_location_id,category_id,description, meta_data_id)
            VALUES (?, ?, ?, ?, ?, ?, ?, ?, ?, ?);
            
2025-11-09 07:03:30,167 - INFO - Executing SQL statement with values -> ()
2025-11-09 07:03:30,167 - INFO - UPDATE Users SET tokens=1120 WHERE user_id=1
2025-11-09 07:03:40,688 - INFO - Executing SQL statement with values -> ('2025-11-09T07:03:40.688478', '2025-11-09T07:03:40.688478', 1)
2025-11-09 07:03:40,688 - INFO - 
            INSERT INTO MetaData
            (created_timestamp, edited_timestamp, row_deleted, user_id)
            VALUES
            (?, ?, 0, ?);
            
2025-11-09 07:03:40,710 - INFO - Executing SQL statement with values -> (None, 20, 27)
2025-11-09 07:03:40,710 - INFO - 
            INSERT INTO Vouchers (vendor_name,percent_off, meta_data_id)
            VALUES (?, ?, ?);
            
2025-11-09 07:04:37,532 - INFO - Loading page 1: Input Transactions
2025-11-09 07:04:39,029 - INFO - Loading page 1: Input Transactions
2025-11-09 07:04:41,516 - INFO - Loading page 1: Input Transactions
2025-11-09 07:04:41,607 - INFO - Executing SQL statement with values -> ()
2025-11-09 07:04:41,608 - INFO - UPDATE Users SET tokens=1120 WHERE user_id=1
2025-11-09 07:04:41,609 - INFO - Saving transaction, with item df ->
2025-11-09 07:04:41,610 - INFO - Empty DataFrame
Columns: [temp_item_id, parent_product_id, spending_item_id, new_item_name, override_price, num_purchased]
Index: []
2025-11-09 07:04:41,610 - INFO - Executing SQL statement with values -> ('2025-11-09T07:04:41.610433', '2025-11-09T07:04:41.610433', 1)
2025-11-09 07:04:41,610 - INFO - 
            INSERT INTO MetaData
            (created_timestamp, edited_timestamp, row_deleted, user_id)
            VALUES
            (?, ?, 0, ?);
            
2025-11-09 07:04:41,615 - INFO - Executing SQL statement with values -> ('Sun 09 Nov 2025', None, 0, False, None, None, None, None, None, 28)
2025-11-09 07:04:41,616 - INFO - 
            INSERT INTO Transactions (date,time,override_money,is_income,money_store_id,vendor_id,shop_location_id,category_id,description, meta_data_id)
            VALUES (?, ?, ?, ?, ?, ?, ?, ?, ?, ?);
            
2025-11-09 07:04:42,610 - INFO - Executing SQL statement with values -> ()
2025-11-09 07:04:42,610 - INFO - UPDATE Users SET tokens=1120 WHERE user_id=1
2025-11-09 07:04:51,631 - INFO - Executing SQL statement with values -> ('2025-11-09T07:04:51.631540', '2025-11-09T07:04:51.631540', 1)
2025-11-09 07:04:51,631 - INFO - 
            INSERT INTO MetaData
            (created_timestamp, edited_timestamp, row_deleted, user_id)
            VALUES
            (?, ?, 0, ?);
            
2025-11-09 07:04:51,639 - INFO - Executing SQL statement with values -> (None, 10, 29)
2025-11-09 07:04:51,639 - INFO - 
            INSERT INTO Vouchers (vendor_name,percent_off, meta_data_id)
            VALUES (?, ?, ?);
            
2025-11-09 07:04:54,014 - INFO - Executing SQL statement with values -> ()
2025-11-09 07:04:54,016 - INFO - UPDATE Users SET tokens=1120 WHERE user_id=1
2025-11-09 07:04:54,059 - INFO - Loading page 1: Input Transactions
2025-11-09 07:04:55,612 - INFO - Executing SQL statement with values -> [1]
2025-11-09 07:04:55,612 - INFO - 
    SELECT *
    FROM Vouchers
    JOIN MetaData ON Vouchers.meta_data_id = MetaData.meta_data_id
    WHERE MetaData.user_id = ? AND MetaData.row_deleted = 0;
2025-11-09 07:04:59,449 - INFO - Loading page 3: Database View
2025-11-09 07:05:11,783 - INFO - Executing User SQL: SELECT * FROM Vouchers
2025-11-09 07:05:20,726 - INFO - Executing SQL statement with values -> [1]
2025-11-09 07:05:20,726 - INFO - 
    SELECT *
    FROM Vouchers
    JOIN MetaData ON Vouchers.meta_data_id = MetaData.meta_data_id
    WHERE MetaData.user_id = ? AND MetaData.row_deleted = 0;
2025-11-09 07:10:55,259 - INFO - Executing SQL statement with values -> [1]
2025-11-09 07:10:55,259 - INFO - 
    SELECT *
    FROM Vouchers
    JOIN MetaData ON Vouchers.meta_data_id = MetaData.meta_data_id
    WHERE MetaData.user_id = ? AND MetaData.row_deleted = 0;
2025-11-09 07:11:07,370 - INFO - Executing SQL statement with values -> [1]
2025-11-09 07:11:07,371 - INFO - 
    SELECT *
    FROM Vouchers
    JOIN MetaData ON Vouchers.meta_data_id = MetaData.meta_data_id
    WHERE MetaData.user_id = ? AND MetaData.row_deleted = 0;
2025-11-09 07:11:28,408 - INFO - Loading page 4: Money Stores
2025-11-09 07:11:28,498 - INFO - Loading page 4: Money Stores
2025-11-09 07:11:29,167 - INFO - Loading page 3: Database View
2025-11-09 07:11:37,418 - INFO - Executing User SQL: DELETE * FROM Vouchers
2025-11-09 07:11:44,255 - INFO - Executing User SQL: DELETE FROM Vouchers
2025-11-09 07:11:48,121 - INFO - Loading page 2: Edit Vendors
2025-11-09 07:11:54,251 - INFO - Loading page 2: Edit Vendors
2025-11-09 07:11:55,559 - INFO - Loading page 2: Edit Vendors
2025-11-09 07:11:57,415 - INFO - Loading page 2: Edit Vendors
2025-11-09 07:11:57,479 - INFO - Executing SQL statement with values -> ('2025-11-09T07:11:57.479575', '2025-11-09T07:11:57.479575', 1)
2025-11-09 07:11:57,480 - INFO - 
            INSERT INTO MetaData
            (created_timestamp, edited_timestamp, row_deleted, user_id)
            VALUES
            (?, ?, 0, ?);
            
2025-11-09 07:11:57,485 - INFO - Executing SQL statement with values -> ('Tesco', 3, None, 30)
2025-11-09 07:11:57,485 - INFO - 
            INSERT INTO Vendors (name,default_category_id,default_location_id, meta_data_id)
            VALUES (?, ?, ?, ?);
            
2025-11-09 07:11:59,321 - INFO - Loading page 1: Input Transactions
2025-11-09 07:12:00,804 - INFO - Loading page 1: Input Transactions
2025-11-09 07:12:05,030 - INFO - Loading page 1: Input Transactions
2025-11-09 07:12:08,353 - INFO - Loading page 1: Input Transactions
2025-11-09 07:12:14,261 - INFO - Loading page 1: Input Transactions
2025-11-09 07:12:17,644 - INFO - Loading page 1: Input Transactions
2025-11-09 07:12:17,729 - INFO - Executing SQL statement with values -> ()
2025-11-09 07:12:17,730 - INFO - UPDATE Users SET tokens=2420 WHERE user_id=1
2025-11-09 07:12:17,736 - INFO - Saving transaction, with item df ->
2025-11-09 07:12:17,737 - INFO - Empty DataFrame
Columns: [temp_item_id, parent_product_id, spending_item_id, new_item_name, override_price, num_purchased]
Index: []
2025-11-09 07:12:17,737 - INFO - Executing SQL statement with values -> ('2025-11-09T07:12:17.737928', '2025-11-09T07:12:17.737928', 1)
2025-11-09 07:12:17,738 - INFO - 
            INSERT INTO MetaData
            (created_timestamp, edited_timestamp, row_deleted, user_id)
            VALUES
            (?, ?, 0, ?);
            
2025-11-09 07:12:17,742 - INFO - Executing SQL statement with values -> ('Sun 09 Nov 2025', None, 26.0, False, None, 1, None, 2, None, 31)
2025-11-09 07:12:17,742 - INFO - 
            INSERT INTO Transactions (date,time,override_money,is_income,money_store_id,vendor_id,shop_location_id,category_id,description, meta_data_id)
            VALUES (?, ?, ?, ?, ?, ?, ?, ?, ?, ?);
            
2025-11-09 07:12:27,816 - INFO - Executing SQL statement with values -> ()
2025-11-09 07:12:27,816 - INFO - UPDATE Users SET tokens=3720 WHERE user_id=1
2025-11-09 07:12:37,845 - INFO - Executing SQL statement with values -> ('2025-11-09T07:12:37.845113', '2025-11-09T07:12:37.845113', 1)
2025-11-09 07:12:37,845 - INFO - 
            INSERT INTO MetaData
            (created_timestamp, edited_timestamp, row_deleted, user_id)
            VALUES
            (?, ?, 0, ?);
            
2025-11-09 07:12:37,852 - INFO - Executing SQL statement with values -> ('Tesco', 15, datetime.date(2025, 11, 16), 32)
2025-11-09 07:12:37,852 - INFO - 
            INSERT INTO Vouchers (vendor_name,percent_off,expire_date, meta_data_id)
            VALUES (?, ?, ?, ?);
            
2025-11-09 07:12:43,451 - INFO - Executing SQL statement with values -> ()
2025-11-09 07:12:43,452 - INFO - UPDATE Users SET tokens=5020 WHERE user_id=1
2025-11-09 07:12:43,495 - INFO - Loading page 1: Input Transactions
2025-11-09 07:12:44,960 - INFO - Executing SQL statement with values -> [1]
2025-11-09 07:12:44,960 - INFO - 
    SELECT *
    FROM Vouchers
    JOIN MetaData ON Vouchers.meta_data_id = MetaData.meta_data_id
    WHERE MetaData.user_id = ? AND MetaData.row_deleted = 0;
2025-11-09 07:13:34,255 - INFO - Executing SQL statement with values -> [1]
2025-11-09 07:13:34,255 - INFO - 
    SELECT *
    FROM Vouchers
    JOIN MetaData ON Vouchers.meta_data_id = MetaData.meta_data_id
    WHERE MetaData.user_id = ? AND MetaData.row_deleted = 0;
2025-11-09 07:14:01,824 - INFO - Executing SQL statement with values -> [1]
2025-11-09 07:14:01,824 - INFO - 
    SELECT *
    FROM Vouchers
    JOIN MetaData ON Vouchers.meta_data_id = MetaData.meta_data_id
    WHERE MetaData.user_id = ? AND MetaData.row_deleted = 0;
2025-11-09 07:14:08,082 - INFO - Executing SQL statement with values -> [1]
2025-11-09 07:14:08,082 - INFO - 
    SELECT *
    FROM Vouchers
    JOIN MetaData ON Vouchers.meta_data_id = MetaData.meta_data_id
    WHERE MetaData.user_id = ? AND MetaData.row_deleted = 0;
2025-11-09 07:14:55,148 - INFO - Executing SQL statement with values -> [1]
2025-11-09 07:14:55,148 - INFO - 
    SELECT *
    FROM Vouchers
    JOIN MetaData ON Vouchers.meta_data_id = MetaData.meta_data_id
    WHERE MetaData.user_id = ? AND MetaData.row_deleted = 0;
2025-11-09 07:15:22,034 - INFO - Executing SQL statement with values -> [1]
2025-11-09 07:15:22,034 - INFO - 
    SELECT *
    FROM Vouchers
    JOIN MetaData ON Vouchers.meta_data_id = MetaData.meta_data_id
    WHERE MetaData.user_id = ? AND MetaData.row_deleted = 0;
2025-11-09 07:16:39,674 - INFO - Executing SQL statement with values -> [1]
2025-11-09 07:16:39,674 - INFO - 
    SELECT *
    FROM Vouchers
    JOIN MetaData ON Vouchers.meta_data_id = MetaData.meta_data_id
    WHERE MetaData.user_id = ? AND MetaData.row_deleted = 0;
2025-11-09 07:16:45,026 - INFO - Executing SQL statement with values -> [1]
2025-11-09 07:16:45,026 - INFO - 
    SELECT *
    FROM Vouchers
    JOIN MetaData ON Vouchers.meta_data_id = MetaData.meta_data_id
    WHERE MetaData.user_id = ? AND MetaData.row_deleted = 0;
2025-11-09 07:16:50,849 - INFO - Executing SQL statement with values -> [1]
2025-11-09 07:16:50,850 - INFO - 
    SELECT *
    FROM Vouchers
    JOIN MetaData ON Vouchers.meta_data_id = MetaData.meta_data_id
    WHERE MetaData.user_id = ? AND MetaData.row_deleted = 0;
2025-11-09 07:16:55,911 - INFO - Executing SQL statement with values -> [1]
2025-11-09 07:16:55,911 - INFO - 
    SELECT *
    FROM Vouchers
    JOIN MetaData ON Vouchers.meta_data_id = MetaData.meta_data_id
    WHERE MetaData.user_id = ? AND MetaData.row_deleted = 0;
2025-11-09 07:17:00,377 - INFO - Executing SQL statement with values -> [1]
2025-11-09 07:17:00,378 - INFO - 
    SELECT *
    FROM Vouchers
    JOIN MetaData ON Vouchers.meta_data_id = MetaData.meta_data_id
    WHERE MetaData.user_id = ? AND MetaData.row_deleted = 0;
2025-11-09 07:17:03,812 - INFO - Executing SQL statement with values -> [1]
2025-11-09 07:17:03,813 - INFO - 
    SELECT *
    FROM Vouchers
    JOIN MetaData ON Vouchers.meta_data_id = MetaData.meta_data_id
    WHERE MetaData.user_id = ? AND MetaData.row_deleted = 0;
2025-11-09 07:17:10,101 - INFO - Executing SQL statement with values -> [1]
2025-11-09 07:17:10,102 - INFO - 
    SELECT *
    FROM Vouchers
    JOIN MetaData ON Vouchers.meta_data_id = MetaData.meta_data_id
    WHERE MetaData.user_id = ? AND MetaData.row_deleted = 0;
2025-11-09 07:17:57,436 - INFO - Executing SQL statement with values -> [1]
2025-11-09 07:17:57,437 - INFO - 
    SELECT *
    FROM Vouchers
    JOIN MetaData ON Vouchers.meta_data_id = MetaData.meta_data_id
    WHERE MetaData.user_id = ? AND MetaData.row_deleted = 0;
2025-11-09 07:18:03,232 - INFO - Executing SQL statement with values -> [1]
2025-11-09 07:18:03,232 - INFO - 
    SELECT *
    FROM Vouchers
    JOIN MetaData ON Vouchers.meta_data_id = MetaData.meta_data_id
    WHERE MetaData.user_id = ? AND MetaData.row_deleted = 0;
2025-11-09 07:18:07,565 - INFO - Executing SQL statement with values -> [1]
2025-11-09 07:18:07,566 - INFO - 
    SELECT *
    FROM Vouchers
    JOIN MetaData ON Vouchers.meta_data_id = MetaData.meta_data_id
    WHERE MetaData.user_id = ? AND MetaData.row_deleted = 0;
2025-11-09 07:18:28,277 - INFO - Executing SQL statement with values -> [1]
2025-11-09 07:18:28,278 - INFO - 
    SELECT *
    FROM Vouchers
    JOIN MetaData ON Vouchers.meta_data_id = MetaData.meta_data_id
    WHERE MetaData.user_id = ? AND MetaData.row_deleted = 0;
2025-11-09 07:19:28,863 - INFO - Executing SQL statement with values -> [1]
2025-11-09 07:19:28,863 - INFO - 
    SELECT *
    FROM Vouchers
    JOIN MetaData ON Vouchers.meta_data_id = MetaData.meta_data_id
    WHERE MetaData.user_id = ? AND MetaData.row_deleted = 0;
2025-11-09 07:19:49,434 - INFO - Loading page 4: Money Stores
2025-11-09 07:19:49,528 - INFO - Loading page 4: Money Stores
2025-11-09 07:20:03,203 - INFO - Executing SQL statement with values -> [1]
2025-11-09 07:20:03,204 - INFO - 
    SELECT *
    FROM Vouchers
    JOIN MetaData ON Vouchers.meta_data_id = MetaData.meta_data_id
    WHERE MetaData.user_id = ? AND MetaData.row_deleted = 0;
2025-11-09 07:20:58,648 - INFO - Loading page 1: Input Transactions
2025-11-09 07:21:00,969 - INFO - Loading page 1: Input Transactions
2025-11-09 07:21:04,020 - INFO - Loading page 1: Input Transactions
2025-11-09 07:21:20,807 - INFO - Loading page 1: Input Transactions
2025-11-09 07:21:27,583 - INFO - Loading page 1: Input Transactions
2025-11-09 07:21:27,697 - INFO - Executing SQL statement with values -> ()
2025-11-09 07:21:27,697 - INFO - UPDATE Users SET tokens=5020 WHERE user_id=1
2025-11-09 07:21:27,699 - INFO - Saving transaction, with item df ->
2025-11-09 07:21:27,700 - INFO - Empty DataFrame
Columns: [temp_item_id, parent_product_id, spending_item_id, new_item_name, override_price, num_purchased]
Index: []
2025-11-09 07:21:27,700 - INFO - Executing SQL statement with values -> ('2025-11-09T07:21:27.700946', '2025-11-09T07:21:27.700946', 1)
2025-11-09 07:21:27,701 - INFO - 
            INSERT INTO MetaData
            (created_timestamp, edited_timestamp, row_deleted, user_id)
            VALUES
            (?, ?, 0, ?);
            
2025-11-09 07:21:27,707 - INFO - Executing SQL statement with values -> ('Sun 09 Nov 2025', None, 20.0, False, None, 1, None, 1, None, 33)
2025-11-09 07:21:27,707 - INFO - 
            INSERT INTO Transactions (date,time,override_money,is_income,money_store_id,vendor_id,shop_location_id,category_id,description, meta_data_id)
            VALUES (?, ?, ?, ?, ?, ?, ?, ?, ?, ?);
            
2025-11-09 07:21:53,784 - INFO - Executing SQL statement with values -> ()
2025-11-09 07:21:53,784 - INFO - UPDATE Users SET tokens=5020 WHERE user_id=1
2025-11-09 07:22:03,809 - INFO - Executing SQL statement with values -> ('2025-11-09T07:22:03.809141', '2025-11-09T07:22:03.809141', 1)
2025-11-09 07:22:03,809 - INFO - 
            INSERT INTO MetaData
            (created_timestamp, edited_timestamp, row_deleted, user_id)
            VALUES
            (?, ?, 0, ?);
            
2025-11-09 07:22:03,833 - INFO - Executing SQL statement with values -> ('Tesco', 15, datetime.date(2025, 11, 16), 34)
2025-11-09 07:22:03,833 - INFO - 
            INSERT INTO Vouchers (vendor_name,percent_off,expire_date, meta_data_id)
            VALUES (?, ?, ?, ?);
            
2025-11-09 07:22:07,564 - INFO - Executing SQL statement with values -> ()
2025-11-09 07:22:07,565 - INFO - UPDATE Users SET tokens=5020 WHERE user_id=1
2025-11-09 07:22:07,629 - INFO - Loading page 1: Input Transactions
2025-11-09 07:22:08,683 - INFO - Executing SQL statement with values -> [1]
2025-11-09 07:22:08,684 - INFO - 
    SELECT *
    FROM Vouchers
    JOIN MetaData ON Vouchers.meta_data_id = MetaData.meta_data_id
    WHERE MetaData.user_id = ? AND MetaData.row_deleted = 0;
2025-11-09 07:22:53,907 - INFO - Executing SQL statement with values -> [1]
2025-11-09 07:22:53,907 - INFO - 
    SELECT *
    FROM Vouchers
    JOIN MetaData ON Vouchers.meta_data_id = MetaData.meta_data_id
    WHERE MetaData.user_id = ? AND MetaData.row_deleted = 0;
